<?xml version="1.0" encoding="UTF-8"?>
<testsuite xmlns:xsi="http://www.w3.org/2001/XMLSchema-instance" xsi:noNamespaceSchemaLocation="https://maven.apache.org/surefire/maven-surefire-plugin/xsd/surefire-test-report.xsd" name="com.stackroute.DocIdentifierApplicationTests" time="9.238" tests="1" errors="0" skipped="0" failures="0">
  <properties>
    <property name="sun.desktop" value="gnome"/>
    <property name="awt.toolkit" value="sun.awt.X11.XToolkit"/>
    <property name="java.specification.version" value="10"/>
    <property name="file.encoding.pkg" value="sun.io"/>
    <property name="sun.cpu.isalist" value=""/>
    <property name="sun.jnu.encoding" value="UTF-8"/>
    <property name="java.class.path" value="/home/shubham/knowledge-vault/knowledge-vault/document-identifier-elasticsearch/target/test-classes:/home/shubham/knowledge-vault/knowledge-vault/document-identifier-elasticsearch/target/classes:/home/shubham/.m2/repository/org/springframework/boot/spring-boot-starter/2.0.6.RELEASE/spring-boot-starter-2.0.6.RELEASE.jar:/home/shubham/.m2/repository/org/springframework/boot/spring-boot/2.0.6.RELEASE/spring-boot-2.0.6.RELEASE.jar:/home/shubham/.m2/repository/org/springframework/boot/spring-boot-autoconfigure/2.0.6.RELEASE/spring-boot-autoconfigure-2.0.6.RELEASE.jar:/home/shubham/.m2/repository/org/springframework/boot/spring-boot-starter-logging/2.0.6.RELEASE/spring-boot-starter-logging-2.0.6.RELEASE.jar:/home/shubham/.m2/repository/ch/qos/logback/logback-classic/1.2.3/logback-classic-1.2.3.jar:/home/shubham/.m2/repository/ch/qos/logback/logback-core/1.2.3/logback-core-1.2.3.jar:/home/shubham/.m2/repository/org/apache/logging/log4j/log4j-to-slf4j/2.10.0/log4j-to-slf4j-2.10.0.jar:/home/shubham/.m2/repository/org/slf4j/jul-to-slf4j/1.7.25/jul-to-slf4j-1.7.25.jar:/home/shubham/.m2/repository/javax/annotation/javax.annotation-api/1.3.2/javax.annotation-api-1.3.2.jar:/home/shubham/.m2/repository/org/springframework/spring-core/5.0.10.RELEASE/spring-core-5.0.10.RELEASE.jar:/home/shubham/.m2/repository/org/springframework/spring-jcl/5.0.10.RELEASE/spring-jcl-5.0.10.RELEASE.jar:/home/shubham/.m2/repository/org/yaml/snakeyaml/1.19/snakeyaml-1.19.jar:/home/shubham/.m2/repository/org/springframework/boot/spring-boot-starter-web/2.0.6.RELEASE/spring-boot-starter-web-2.0.6.RELEASE.jar:/home/shubham/.m2/repository/org/springframework/boot/spring-boot-starter-json/2.0.6.RELEASE/spring-boot-starter-json-2.0.6.RELEASE.jar:/home/shubham/.m2/repository/com/fasterxml/jackson/datatype/jackson-datatype-jdk8/2.9.7/jackson-datatype-jdk8-2.9.7.jar:/home/shubham/.m2/repository/com/fasterxml/jackson/datatype/jackson-datatype-jsr310/2.9.7/jackson-datatype-jsr310-2.9.7.jar:/home/shubham/.m2/repository/com/fasterxml/jackson/module/jackson-module-parameter-names/2.9.7/jackson-module-parameter-names-2.9.7.jar:/home/shubham/.m2/repository/org/springframework/boot/spring-boot-starter-tomcat/2.0.6.RELEASE/spring-boot-starter-tomcat-2.0.6.RELEASE.jar:/home/shubham/.m2/repository/org/apache/tomcat/embed/tomcat-embed-core/8.5.34/tomcat-embed-core-8.5.34.jar:/home/shubham/.m2/repository/org/apache/tomcat/embed/tomcat-embed-el/8.5.34/tomcat-embed-el-8.5.34.jar:/home/shubham/.m2/repository/org/apache/tomcat/embed/tomcat-embed-websocket/8.5.34/tomcat-embed-websocket-8.5.34.jar:/home/shubham/.m2/repository/org/hibernate/validator/hibernate-validator/6.0.13.Final/hibernate-validator-6.0.13.Final.jar:/home/shubham/.m2/repository/javax/validation/validation-api/2.0.1.Final/validation-api-2.0.1.Final.jar:/home/shubham/.m2/repository/org/jboss/logging/jboss-logging/3.3.2.Final/jboss-logging-3.3.2.Final.jar:/home/shubham/.m2/repository/com/fasterxml/classmate/1.3.4/classmate-1.3.4.jar:/home/shubham/.m2/repository/org/springframework/spring-web/5.0.10.RELEASE/spring-web-5.0.10.RELEASE.jar:/home/shubham/.m2/repository/org/springframework/spring-beans/5.0.10.RELEASE/spring-beans-5.0.10.RELEASE.jar:/home/shubham/.m2/repository/org/springframework/spring-webmvc/5.0.10.RELEASE/spring-webmvc-5.0.10.RELEASE.jar:/home/shubham/.m2/repository/org/springframework/spring-aop/5.0.10.RELEASE/spring-aop-5.0.10.RELEASE.jar:/home/shubham/.m2/repository/org/springframework/spring-expression/5.0.10.RELEASE/spring-expression-5.0.10.RELEASE.jar:/home/shubham/.m2/repository/org/elasticsearch/client/transport/6.2.4/transport-6.2.4.jar:/home/shubham/.m2/repository/org/elasticsearch/plugin/transport-netty4-client/5.6.12/transport-netty4-client-5.6.12.jar:/home/shubham/.m2/repository/io/netty/netty-buffer/4.1.29.Final/netty-buffer-4.1.29.Final.jar:/home/shubham/.m2/repository/io/netty/netty-codec/4.1.29.Final/netty-codec-4.1.29.Final.jar:/home/shubham/.m2/repository/io/netty/netty-codec-http/4.1.29.Final/netty-codec-http-4.1.29.Final.jar:/home/shubham/.m2/repository/io/netty/netty-common/4.1.29.Final/netty-common-4.1.29.Final.jar:/home/shubham/.m2/repository/io/netty/netty-handler/4.1.29.Final/netty-handler-4.1.29.Final.jar:/home/shubham/.m2/repository/io/netty/netty-resolver/4.1.29.Final/netty-resolver-4.1.29.Final.jar:/home/shubham/.m2/repository/io/netty/netty-transport/4.1.29.Final/netty-transport-4.1.29.Final.jar:/home/shubham/.m2/repository/org/locationtech/spatial4j/spatial4j/0.6/spatial4j-0.6.jar:/home/shubham/.m2/repository/com/vividsolutions/jts/1.13/jts-1.13.jar:/home/shubham/.m2/repository/org/elasticsearch/plugin/reindex-client/6.2.4/reindex-client-6.2.4.jar:/home/shubham/.m2/repository/org/elasticsearch/plugin/lang-mustache-client/6.2.4/lang-mustache-client-6.2.4.jar:/home/shubham/.m2/repository/com/github/spullara/mustache/java/compiler/0.9.3/compiler-0.9.3.jar:/home/shubham/.m2/repository/org/elasticsearch/plugin/percolator-client/6.2.4/percolator-client-6.2.4.jar:/home/shubham/.m2/repository/org/elasticsearch/plugin/parent-join-client/6.2.4/parent-join-client-6.2.4.jar:/home/shubham/.m2/repository/org/elasticsearch/plugin/rank-eval-client/6.2.4/rank-eval-client-6.2.4.jar:/home/shubham/.m2/repository/org/springframework/boot/spring-boot-starter-test/2.0.6.RELEASE/spring-boot-starter-test-2.0.6.RELEASE.jar:/home/shubham/.m2/repository/org/springframework/boot/spring-boot-test/2.0.6.RELEASE/spring-boot-test-2.0.6.RELEASE.jar:/home/shubham/.m2/repository/org/springframework/boot/spring-boot-test-autoconfigure/2.0.6.RELEASE/spring-boot-test-autoconfigure-2.0.6.RELEASE.jar:/home/shubham/.m2/repository/com/jayway/jsonpath/json-path/2.4.0/json-path-2.4.0.jar:/home/shubham/.m2/repository/net/minidev/json-smart/2.3/json-smart-2.3.jar:/home/shubham/.m2/repository/net/minidev/accessors-smart/1.2/accessors-smart-1.2.jar:/home/shubham/.m2/repository/org/assertj/assertj-core/3.9.1/assertj-core-3.9.1.jar:/home/shubham/.m2/repository/org/mockito/mockito-core/2.15.0/mockito-core-2.15.0.jar:/home/shubham/.m2/repository/net/bytebuddy/byte-buddy/1.7.11/byte-buddy-1.7.11.jar:/home/shubham/.m2/repository/net/bytebuddy/byte-buddy-agent/1.7.11/byte-buddy-agent-1.7.11.jar:/home/shubham/.m2/repository/org/objenesis/objenesis/2.6/objenesis-2.6.jar:/home/shubham/.m2/repository/org/hamcrest/hamcrest-core/1.3/hamcrest-core-1.3.jar:/home/shubham/.m2/repository/org/hamcrest/hamcrest-library/1.3/hamcrest-library-1.3.jar:/home/shubham/.m2/repository/org/skyscreamer/jsonassert/1.5.0/jsonassert-1.5.0.jar:/home/shubham/.m2/repository/com/vaadin/external/google/android-json/0.0.20131108.vaadin1/android-json-0.0.20131108.vaadin1.jar:/home/shubham/.m2/repository/org/springframework/spring-test/5.0.10.RELEASE/spring-test-5.0.10.RELEASE.jar:/home/shubham/.m2/repository/org/xmlunit/xmlunit-core/2.5.1/xmlunit-core-2.5.1.jar:/home/shubham/.m2/repository/net/sf/opencsv/opencsv/2.3/opencsv-2.3.jar:/home/shubham/.m2/repository/edu/stanford/nlp/stanford-corenlp/3.9.2/stanford-corenlp-3.9.2.jar:/home/shubham/.m2/repository/com/apple/AppleJavaExtensions/1.4/AppleJavaExtensions-1.4.jar:/home/shubham/.m2/repository/de/jollyday/jollyday/0.4.9/jollyday-0.4.9.jar:/home/shubham/.m2/repository/org/apache/commons/commons-lang3/3.7/commons-lang3-3.7.jar:/home/shubham/.m2/repository/org/apache/lucene/lucene-queryparser/4.10.3/lucene-queryparser-4.10.3.jar:/home/shubham/.m2/repository/org/apache/lucene/lucene-analyzers-common/4.10.3/lucene-analyzers-common-4.10.3.jar:/home/shubham/.m2/repository/org/apache/lucene/lucene-queries/4.10.3/lucene-queries-4.10.3.jar:/home/shubham/.m2/repository/javax/servlet/javax.servlet-api/3.1.0/javax.servlet-api-3.1.0.jar:/home/shubham/.m2/repository/com/io7m/xom/xom/1.2.10/xom-1.2.10.jar:/home/shubham/.m2/repository/xml-apis/xml-apis/1.4.01/xml-apis-1.4.01.jar:/home/shubham/.m2/repository/xerces/xercesImpl/2.8.0/xercesImpl-2.8.0.jar:/home/shubham/.m2/repository/xalan/xalan/2.7.0/xalan-2.7.0.jar:/home/shubham/.m2/repository/joda-time/joda-time/2.9.9/joda-time-2.9.9.jar:/home/shubham/.m2/repository/com/googlecode/efficient-java-matrix-library/ejml/0.23/ejml-0.23.jar:/home/shubham/.m2/repository/org/glassfish/javax.json/1.0.4/javax.json-1.0.4.jar:/home/shubham/.m2/repository/org/slf4j/slf4j-api/1.7.25/slf4j-api-1.7.25.jar:/home/shubham/.m2/repository/com/google/protobuf/protobuf-java/3.2.0/protobuf-java-3.2.0.jar:/home/shubham/.m2/repository/javax/activation/javax.activation-api/1.2.0/javax.activation-api-1.2.0.jar:/home/shubham/.m2/repository/javax/xml/bind/jaxb-api/2.3.1/jaxb-api-2.3.1.jar:/home/shubham/.m2/repository/com/sun/xml/bind/jaxb-core/2.3.0.1/jaxb-core-2.3.0.1.jar:/home/shubham/.m2/repository/com/sun/xml/bind/jaxb-impl/2.4.0-b180830.0438/jaxb-impl-2.4.0-b180830.0438.jar:/home/shubham/.m2/repository/edu/stanford/nlp/stanford-corenlp/3.9.1/stanford-corenlp-3.9.1-models.jar:/home/shubham/.m2/repository/org/apache/lucene/lucene-core/7.1.0/lucene-core-7.1.0.jar:/home/shubham/.m2/repository/org/elasticsearch/elasticsearch/6.1.2/elasticsearch-6.1.2.jar:/home/shubham/.m2/repository/org/apache/lucene/lucene-backward-codecs/7.1.0/lucene-backward-codecs-7.1.0.jar:/home/shubham/.m2/repository/org/apache/lucene/lucene-grouping/7.1.0/lucene-grouping-7.1.0.jar:/home/shubham/.m2/repository/org/apache/lucene/lucene-highlighter/7.1.0/lucene-highlighter-7.1.0.jar:/home/shubham/.m2/repository/org/apache/lucene/lucene-join/7.1.0/lucene-join-7.1.0.jar:/home/shubham/.m2/repository/org/apache/lucene/lucene-memory/7.1.0/lucene-memory-7.1.0.jar:/home/shubham/.m2/repository/org/apache/lucene/lucene-misc/7.1.0/lucene-misc-7.1.0.jar:/home/shubham/.m2/repository/org/apache/lucene/lucene-sandbox/7.1.0/lucene-sandbox-7.1.0.jar:/home/shubham/.m2/repository/org/apache/lucene/lucene-spatial/7.1.0/lucene-spatial-7.1.0.jar:/home/shubham/.m2/repository/org/apache/lucene/lucene-spatial-extras/7.1.0/lucene-spatial-extras-7.1.0.jar:/home/shubham/.m2/repository/org/apache/lucene/lucene-spatial3d/7.1.0/lucene-spatial3d-7.1.0.jar:/home/shubham/.m2/repository/org/apache/lucene/lucene-suggest/7.1.0/lucene-suggest-7.1.0.jar:/home/shubham/.m2/repository/org/elasticsearch/securesm/1.2/securesm-1.2.jar:/home/shubham/.m2/repository/org/elasticsearch/elasticsearch-cli/6.1.2/elasticsearch-cli-6.1.2.jar:/home/shubham/.m2/repository/net/sf/jopt-simple/jopt-simple/5.0.2/jopt-simple-5.0.2.jar:/home/shubham/.m2/repository/com/carrotsearch/hppc/0.7.1/hppc-0.7.1.jar:/home/shubham/.m2/repository/com/fasterxml/jackson/core/jackson-core/2.9.7/jackson-core-2.9.7.jar:/home/shubham/.m2/repository/com/fasterxml/jackson/dataformat/jackson-dataformat-smile/2.9.7/jackson-dataformat-smile-2.9.7.jar:/home/shubham/.m2/repository/com/fasterxml/jackson/dataformat/jackson-dataformat-yaml/2.9.7/jackson-dataformat-yaml-2.9.7.jar:/home/shubham/.m2/repository/com/fasterxml/jackson/dataformat/jackson-dataformat-cbor/2.9.7/jackson-dataformat-cbor-2.9.7.jar:/home/shubham/.m2/repository/com/tdunning/t-digest/3.0/t-digest-3.0.jar:/home/shubham/.m2/repository/org/hdrhistogram/HdrHistogram/2.1.9/HdrHistogram-2.1.9.jar:/home/shubham/.m2/repository/org/elasticsearch/jna/4.4.0-1/jna-4.4.0-1.jar:/home/shubham/.m2/repository/org/elasticsearch/client/elasticsearch-rest-high-level-client/6.1.2/elasticsearch-rest-high-level-client-6.1.2.jar:/home/shubham/.m2/repository/org/elasticsearch/plugin/aggs-matrix-stats-client/6.1.2/aggs-matrix-stats-client-6.1.2.jar:/home/shubham/.m2/repository/org/apache/logging/log4j/log4j-api/2.8.2/log4j-api-2.8.2.jar:/home/shubham/.m2/repository/org/apache/logging/log4j/log4j-core/2.8.2/log4j-core-2.8.2.jar:/home/shubham/.m2/repository/org/elasticsearch/client/elasticsearch-rest-client/6.1.2/elasticsearch-rest-client-6.1.2.jar:/home/shubham/.m2/repository/org/apache/httpcomponents/httpclient/4.5.6/httpclient-4.5.6.jar:/home/shubham/.m2/repository/org/apache/httpcomponents/httpcore/4.4.10/httpcore-4.4.10.jar:/home/shubham/.m2/repository/org/apache/httpcomponents/httpasyncclient/4.1.4/httpasyncclient-4.1.4.jar:/home/shubham/.m2/repository/org/apache/httpcomponents/httpcore-nio/4.4.10/httpcore-nio-4.4.10.jar:/home/shubham/.m2/repository/commons-codec/commons-codec/1.11/commons-codec-1.11.jar:/home/shubham/.m2/repository/commons-logging/commons-logging/1.1.3/commons-logging-1.1.3.jar:/home/shubham/.m2/repository/org/elasticsearch/client/elasticsearch-rest-client-sniffer/6.1.2/elasticsearch-rest-client-sniffer-6.1.2.jar:/home/shubham/.m2/repository/org/springframework/kafka/spring-kafka/2.1.10.RELEASE/spring-kafka-2.1.10.RELEASE.jar:/home/shubham/.m2/repository/org/springframework/spring-context/5.0.10.RELEASE/spring-context-5.0.10.RELEASE.jar:/home/shubham/.m2/repository/org/springframework/spring-messaging/5.0.10.RELEASE/spring-messaging-5.0.10.RELEASE.jar:/home/shubham/.m2/repository/org/springframework/spring-tx/5.0.10.RELEASE/spring-tx-5.0.10.RELEASE.jar:/home/shubham/.m2/repository/org/springframework/retry/spring-retry/1.2.2.RELEASE/spring-retry-1.2.2.RELEASE.jar:/home/shubham/.m2/repository/org/apache/kafka/kafka-clients/1.0.2/kafka-clients-1.0.2.jar:/home/shubham/.m2/repository/org/lz4/lz4-java/1.4/lz4-java-1.4.jar:/home/shubham/.m2/repository/org/xerial/snappy/snappy-java/1.1.4/snappy-java-1.1.4.jar:/home/shubham/.m2/repository/com/fasterxml/jackson/core/jackson-databind/2.9.7/jackson-databind-2.9.7.jar:/home/shubham/.m2/repository/com/fasterxml/jackson/core/jackson-annotations/2.9.0/jackson-annotations-2.9.0.jar:/home/shubham/.m2/repository/org/projectlombok/lombok/1.18.2/lombok-1.18.2.jar:/home/shubham/.m2/repository/junit/junit/4.12/junit-4.12.jar:/home/shubham/.m2/repository/org/jacoco/jacoco-maven-plugin/0.8.2/jacoco-maven-plugin-0.8.2.jar:/home/shubham/.m2/repository/org/apache/maven/maven-plugin-api/2.2.1/maven-plugin-api-2.2.1.jar:/home/shubham/.m2/repository/org/apache/maven/maven-project/2.2.1/maven-project-2.2.1.jar:/home/shubham/.m2/repository/org/apache/maven/maven-settings/2.2.1/maven-settings-2.2.1.jar:/home/shubham/.m2/repository/org/apache/maven/maven-profile/2.2.1/maven-profile-2.2.1.jar:/home/shubham/.m2/repository/org/apache/maven/maven-model/2.2.1/maven-model-2.2.1.jar:/home/shubham/.m2/repository/org/apache/maven/maven-artifact-manager/2.2.1/maven-artifact-manager-2.2.1.jar:/home/shubham/.m2/repository/org/apache/maven/maven-repository-metadata/2.2.1/maven-repository-metadata-2.2.1.jar:/home/shubham/.m2/repository/org/apache/maven/wagon/wagon-provider-api/1.0-beta-6/wagon-provider-api-1.0-beta-6.jar:/home/shubham/.m2/repository/backport-util-concurrent/backport-util-concurrent/3.1/backport-util-concurrent-3.1.jar:/home/shubham/.m2/repository/org/apache/maven/maven-plugin-registry/2.2.1/maven-plugin-registry-2.2.1.jar:/home/shubham/.m2/repository/org/codehaus/plexus/plexus-interpolation/1.11/plexus-interpolation-1.11.jar:/home/shubham/.m2/repository/org/apache/maven/maven-artifact/2.2.1/maven-artifact-2.2.1.jar:/home/shubham/.m2/repository/org/codehaus/plexus/plexus-container-default/1.0-alpha-9-stable-1/plexus-container-default-1.0-alpha-9-stable-1.jar:/home/shubham/.m2/repository/classworlds/classworlds/1.1-alpha-2/classworlds-1.1-alpha-2.jar:/home/shubham/.m2/repository/org/codehaus/plexus/plexus-utils/3.0.22/plexus-utils-3.0.22.jar:/home/shubham/.m2/repository/org/apache/maven/shared/file-management/1.2.1/file-management-1.2.1.jar:/home/shubham/.m2/repository/org/apache/maven/shared/maven-shared-io/1.1/maven-shared-io-1.1.jar:/home/shubham/.m2/repository/org/apache/maven/reporting/maven-reporting-api/2.2.1/maven-reporting-api-2.2.1.jar:/home/shubham/.m2/repository/org/apache/maven/doxia/doxia-sink-api/1.1/doxia-sink-api-1.1.jar:/home/shubham/.m2/repository/org/apache/maven/doxia/doxia-logging-api/1.1/doxia-logging-api-1.1.jar:/home/shubham/.m2/repository/org/apache/maven/reporting/maven-reporting-impl/2.1/maven-reporting-impl-2.1.jar:/home/shubham/.m2/repository/org/apache/maven/doxia/doxia-core/1.1.2/doxia-core-1.1.2.jar:/home/shubham/.m2/repository/commons-lang/commons-lang/2.4/commons-lang-2.4.jar:/home/shubham/.m2/repository/commons-httpclient/commons-httpclient/3.1/commons-httpclient-3.1.jar:/home/shubham/.m2/repository/org/apache/maven/doxia/doxia-site-renderer/1.1.2/doxia-site-renderer-1.1.2.jar:/home/shubham/.m2/repository/org/apache/maven/doxia/doxia-decoration-model/1.1.2/doxia-decoration-model-1.1.2.jar:/home/shubham/.m2/repository/org/apache/maven/doxia/doxia-module-xhtml/1.1.2/doxia-module-xhtml-1.1.2.jar:/home/shubham/.m2/repository/org/apache/maven/doxia/doxia-module-fml/1.1.2/doxia-module-fml-1.1.2.jar:/home/shubham/.m2/repository/org/codehaus/plexus/plexus-i18n/1.0-beta-7/plexus-i18n-1.0-beta-7.jar:/home/shubham/.m2/repository/org/codehaus/plexus/plexus-velocity/1.1.7/plexus-velocity-1.1.7.jar:/home/shubham/.m2/repository/org/apache/velocity/velocity/1.5/velocity-1.5.jar:/home/shubham/.m2/repository/commons-collections/commons-collections/3.2/commons-collections-3.2.jar:/home/shubham/.m2/repository/commons-validator/commons-validator/1.2.0/commons-validator-1.2.0.jar:/home/shubham/.m2/repository/commons-beanutils/commons-beanutils/1.7.0/commons-beanutils-1.7.0.jar:/home/shubham/.m2/repository/commons-digester/commons-digester/1.6/commons-digester-1.6.jar:/home/shubham/.m2/repository/oro/oro/2.0.8/oro-2.0.8.jar:/home/shubham/.m2/repository/org/jacoco/org.jacoco.agent/0.8.2/org.jacoco.agent-0.8.2-runtime.jar:/home/shubham/.m2/repository/org/jacoco/org.jacoco.core/0.8.2/org.jacoco.core-0.8.2.jar:/home/shubham/.m2/repository/org/ow2/asm/asm/6.2.1/asm-6.2.1.jar:/home/shubham/.m2/repository/org/ow2/asm/asm-commons/6.2.1/asm-commons-6.2.1.jar:/home/shubham/.m2/repository/org/ow2/asm/asm-analysis/6.2.1/asm-analysis-6.2.1.jar:/home/shubham/.m2/repository/org/ow2/asm/asm-tree/6.2.1/asm-tree-6.2.1.jar:/home/shubham/.m2/repository/org/jacoco/org.jacoco.report/0.8.2/org.jacoco.report-0.8.2.jar:"/>
    <property name="java.vm.vendor" value="&quot;Oracle Corporation&quot;"/>
    <property name="sun.arch.data.model" value="64"/>
    <property name="java.vendor.url" value="http://java.oracle.com/"/>
    <property name="user.timezone" value=""/>
    <property name="java.vm.specification.version" value="10"/>
    <property name="os.name" value="Linux"/>
    <property name="sun.java.launcher" value="SUN_STANDARD"/>
    <property name="user.country" value="GB"/>
    <property name="sun.boot.library.path" value="/usr/lib/jvm/java-10-oracle/lib"/>
    <property name="sun.java.command" value="/home/shubham/knowledge-vault/knowledge-vault/document-identifier-elasticsearch/target/surefire/surefirebooter12215084960661656132.jar /home/shubham/knowledge-vault/knowledge-vault/document-identifier-elasticsearch/target/surefire 2018-11-13T16-17-22_585-jvmRun1 surefire1523509743756580187tmp surefire_318395067641324183808tmp"/>
    <property name="jdk.debug" value="release"/>
    <property name="surefire.test.class.path" value="/home/shubham/knowledge-vault/knowledge-vault/document-identifier-elasticsearch/target/test-classes:/home/shubham/knowledge-vault/knowledge-vault/document-identifier-elasticsearch/target/classes:/home/shubham/.m2/repository/org/springframework/boot/spring-boot-starter/2.0.6.RELEASE/spring-boot-starter-2.0.6.RELEASE.jar:/home/shubham/.m2/repository/org/springframework/boot/spring-boot/2.0.6.RELEASE/spring-boot-2.0.6.RELEASE.jar:/home/shubham/.m2/repository/org/springframework/boot/spring-boot-autoconfigure/2.0.6.RELEASE/spring-boot-autoconfigure-2.0.6.RELEASE.jar:/home/shubham/.m2/repository/org/springframework/boot/spring-boot-starter-logging/2.0.6.RELEASE/spring-boot-starter-logging-2.0.6.RELEASE.jar:/home/shubham/.m2/repository/ch/qos/logback/logback-classic/1.2.3/logback-classic-1.2.3.jar:/home/shubham/.m2/repository/ch/qos/logback/logback-core/1.2.3/logback-core-1.2.3.jar:/home/shubham/.m2/repository/org/apache/logging/log4j/log4j-to-slf4j/2.10.0/log4j-to-slf4j-2.10.0.jar:/home/shubham/.m2/repository/org/slf4j/jul-to-slf4j/1.7.25/jul-to-slf4j-1.7.25.jar:/home/shubham/.m2/repository/javax/annotation/javax.annotation-api/1.3.2/javax.annotation-api-1.3.2.jar:/home/shubham/.m2/repository/org/springframework/spring-core/5.0.10.RELEASE/spring-core-5.0.10.RELEASE.jar:/home/shubham/.m2/repository/org/springframework/spring-jcl/5.0.10.RELEASE/spring-jcl-5.0.10.RELEASE.jar:/home/shubham/.m2/repository/org/yaml/snakeyaml/1.19/snakeyaml-1.19.jar:/home/shubham/.m2/repository/org/springframework/boot/spring-boot-starter-web/2.0.6.RELEASE/spring-boot-starter-web-2.0.6.RELEASE.jar:/home/shubham/.m2/repository/org/springframework/boot/spring-boot-starter-json/2.0.6.RELEASE/spring-boot-starter-json-2.0.6.RELEASE.jar:/home/shubham/.m2/repository/com/fasterxml/jackson/datatype/jackson-datatype-jdk8/2.9.7/jackson-datatype-jdk8-2.9.7.jar:/home/shubham/.m2/repository/com/fasterxml/jackson/datatype/jackson-datatype-jsr310/2.9.7/jackson-datatype-jsr310-2.9.7.jar:/home/shubham/.m2/repository/com/fasterxml/jackson/module/jackson-module-parameter-names/2.9.7/jackson-module-parameter-names-2.9.7.jar:/home/shubham/.m2/repository/org/springframework/boot/spring-boot-starter-tomcat/2.0.6.RELEASE/spring-boot-starter-tomcat-2.0.6.RELEASE.jar:/home/shubham/.m2/repository/org/apache/tomcat/embed/tomcat-embed-core/8.5.34/tomcat-embed-core-8.5.34.jar:/home/shubham/.m2/repository/org/apache/tomcat/embed/tomcat-embed-el/8.5.34/tomcat-embed-el-8.5.34.jar:/home/shubham/.m2/repository/org/apache/tomcat/embed/tomcat-embed-websocket/8.5.34/tomcat-embed-websocket-8.5.34.jar:/home/shubham/.m2/repository/org/hibernate/validator/hibernate-validator/6.0.13.Final/hibernate-validator-6.0.13.Final.jar:/home/shubham/.m2/repository/javax/validation/validation-api/2.0.1.Final/validation-api-2.0.1.Final.jar:/home/shubham/.m2/repository/org/jboss/logging/jboss-logging/3.3.2.Final/jboss-logging-3.3.2.Final.jar:/home/shubham/.m2/repository/com/fasterxml/classmate/1.3.4/classmate-1.3.4.jar:/home/shubham/.m2/repository/org/springframework/spring-web/5.0.10.RELEASE/spring-web-5.0.10.RELEASE.jar:/home/shubham/.m2/repository/org/springframework/spring-beans/5.0.10.RELEASE/spring-beans-5.0.10.RELEASE.jar:/home/shubham/.m2/repository/org/springframework/spring-webmvc/5.0.10.RELEASE/spring-webmvc-5.0.10.RELEASE.jar:/home/shubham/.m2/repository/org/springframework/spring-aop/5.0.10.RELEASE/spring-aop-5.0.10.RELEASE.jar:/home/shubham/.m2/repository/org/springframework/spring-expression/5.0.10.RELEASE/spring-expression-5.0.10.RELEASE.jar:/home/shubham/.m2/repository/org/elasticsearch/client/transport/6.2.4/transport-6.2.4.jar:/home/shubham/.m2/repository/org/elasticsearch/plugin/transport-netty4-client/5.6.12/transport-netty4-client-5.6.12.jar:/home/shubham/.m2/repository/io/netty/netty-buffer/4.1.29.Final/netty-buffer-4.1.29.Final.jar:/home/shubham/.m2/repository/io/netty/netty-codec/4.1.29.Final/netty-codec-4.1.29.Final.jar:/home/shubham/.m2/repository/io/netty/netty-codec-http/4.1.29.Final/netty-codec-http-4.1.29.Final.jar:/home/shubham/.m2/repository/io/netty/netty-common/4.1.29.Final/netty-common-4.1.29.Final.jar:/home/shubham/.m2/repository/io/netty/netty-handler/4.1.29.Final/netty-handler-4.1.29.Final.jar:/home/shubham/.m2/repository/io/netty/netty-resolver/4.1.29.Final/netty-resolver-4.1.29.Final.jar:/home/shubham/.m2/repository/io/netty/netty-transport/4.1.29.Final/netty-transport-4.1.29.Final.jar:/home/shubham/.m2/repository/org/locationtech/spatial4j/spatial4j/0.6/spatial4j-0.6.jar:/home/shubham/.m2/repository/com/vividsolutions/jts/1.13/jts-1.13.jar:/home/shubham/.m2/repository/org/elasticsearch/plugin/reindex-client/6.2.4/reindex-client-6.2.4.jar:/home/shubham/.m2/repository/org/elasticsearch/plugin/lang-mustache-client/6.2.4/lang-mustache-client-6.2.4.jar:/home/shubham/.m2/repository/com/github/spullara/mustache/java/compiler/0.9.3/compiler-0.9.3.jar:/home/shubham/.m2/repository/org/elasticsearch/plugin/percolator-client/6.2.4/percolator-client-6.2.4.jar:/home/shubham/.m2/repository/org/elasticsearch/plugin/parent-join-client/6.2.4/parent-join-client-6.2.4.jar:/home/shubham/.m2/repository/org/elasticsearch/plugin/rank-eval-client/6.2.4/rank-eval-client-6.2.4.jar:/home/shubham/.m2/repository/org/springframework/boot/spring-boot-starter-test/2.0.6.RELEASE/spring-boot-starter-test-2.0.6.RELEASE.jar:/home/shubham/.m2/repository/org/springframework/boot/spring-boot-test/2.0.6.RELEASE/spring-boot-test-2.0.6.RELEASE.jar:/home/shubham/.m2/repository/org/springframework/boot/spring-boot-test-autoconfigure/2.0.6.RELEASE/spring-boot-test-autoconfigure-2.0.6.RELEASE.jar:/home/shubham/.m2/repository/com/jayway/jsonpath/json-path/2.4.0/json-path-2.4.0.jar:/home/shubham/.m2/repository/net/minidev/json-smart/2.3/json-smart-2.3.jar:/home/shubham/.m2/repository/net/minidev/accessors-smart/1.2/accessors-smart-1.2.jar:/home/shubham/.m2/repository/org/assertj/assertj-core/3.9.1/assertj-core-3.9.1.jar:/home/shubham/.m2/repository/org/mockito/mockito-core/2.15.0/mockito-core-2.15.0.jar:/home/shubham/.m2/repository/net/bytebuddy/byte-buddy/1.7.11/byte-buddy-1.7.11.jar:/home/shubham/.m2/repository/net/bytebuddy/byte-buddy-agent/1.7.11/byte-buddy-agent-1.7.11.jar:/home/shubham/.m2/repository/org/objenesis/objenesis/2.6/objenesis-2.6.jar:/home/shubham/.m2/repository/org/hamcrest/hamcrest-core/1.3/hamcrest-core-1.3.jar:/home/shubham/.m2/repository/org/hamcrest/hamcrest-library/1.3/hamcrest-library-1.3.jar:/home/shubham/.m2/repository/org/skyscreamer/jsonassert/1.5.0/jsonassert-1.5.0.jar:/home/shubham/.m2/repository/com/vaadin/external/google/android-json/0.0.20131108.vaadin1/android-json-0.0.20131108.vaadin1.jar:/home/shubham/.m2/repository/org/springframework/spring-test/5.0.10.RELEASE/spring-test-5.0.10.RELEASE.jar:/home/shubham/.m2/repository/org/xmlunit/xmlunit-core/2.5.1/xmlunit-core-2.5.1.jar:/home/shubham/.m2/repository/net/sf/opencsv/opencsv/2.3/opencsv-2.3.jar:/home/shubham/.m2/repository/edu/stanford/nlp/stanford-corenlp/3.9.2/stanford-corenlp-3.9.2.jar:/home/shubham/.m2/repository/com/apple/AppleJavaExtensions/1.4/AppleJavaExtensions-1.4.jar:/home/shubham/.m2/repository/de/jollyday/jollyday/0.4.9/jollyday-0.4.9.jar:/home/shubham/.m2/repository/org/apache/commons/commons-lang3/3.7/commons-lang3-3.7.jar:/home/shubham/.m2/repository/org/apache/lucene/lucene-queryparser/4.10.3/lucene-queryparser-4.10.3.jar:/home/shubham/.m2/repository/org/apache/lucene/lucene-analyzers-common/4.10.3/lucene-analyzers-common-4.10.3.jar:/home/shubham/.m2/repository/org/apache/lucene/lucene-queries/4.10.3/lucene-queries-4.10.3.jar:/home/shubham/.m2/repository/javax/servlet/javax.servlet-api/3.1.0/javax.servlet-api-3.1.0.jar:/home/shubham/.m2/repository/com/io7m/xom/xom/1.2.10/xom-1.2.10.jar:/home/shubham/.m2/repository/xml-apis/xml-apis/1.4.01/xml-apis-1.4.01.jar:/home/shubham/.m2/repository/xerces/xercesImpl/2.8.0/xercesImpl-2.8.0.jar:/home/shubham/.m2/repository/xalan/xalan/2.7.0/xalan-2.7.0.jar:/home/shubham/.m2/repository/joda-time/joda-time/2.9.9/joda-time-2.9.9.jar:/home/shubham/.m2/repository/com/googlecode/efficient-java-matrix-library/ejml/0.23/ejml-0.23.jar:/home/shubham/.m2/repository/org/glassfish/javax.json/1.0.4/javax.json-1.0.4.jar:/home/shubham/.m2/repository/org/slf4j/slf4j-api/1.7.25/slf4j-api-1.7.25.jar:/home/shubham/.m2/repository/com/google/protobuf/protobuf-java/3.2.0/protobuf-java-3.2.0.jar:/home/shubham/.m2/repository/javax/activation/javax.activation-api/1.2.0/javax.activation-api-1.2.0.jar:/home/shubham/.m2/repository/javax/xml/bind/jaxb-api/2.3.1/jaxb-api-2.3.1.jar:/home/shubham/.m2/repository/com/sun/xml/bind/jaxb-core/2.3.0.1/jaxb-core-2.3.0.1.jar:/home/shubham/.m2/repository/com/sun/xml/bind/jaxb-impl/2.4.0-b180830.0438/jaxb-impl-2.4.0-b180830.0438.jar:/home/shubham/.m2/repository/edu/stanford/nlp/stanford-corenlp/3.9.1/stanford-corenlp-3.9.1-models.jar:/home/shubham/.m2/repository/org/apache/lucene/lucene-core/7.1.0/lucene-core-7.1.0.jar:/home/shubham/.m2/repository/org/elasticsearch/elasticsearch/6.1.2/elasticsearch-6.1.2.jar:/home/shubham/.m2/repository/org/apache/lucene/lucene-backward-codecs/7.1.0/lucene-backward-codecs-7.1.0.jar:/home/shubham/.m2/repository/org/apache/lucene/lucene-grouping/7.1.0/lucene-grouping-7.1.0.jar:/home/shubham/.m2/repository/org/apache/lucene/lucene-highlighter/7.1.0/lucene-highlighter-7.1.0.jar:/home/shubham/.m2/repository/org/apache/lucene/lucene-join/7.1.0/lucene-join-7.1.0.jar:/home/shubham/.m2/repository/org/apache/lucene/lucene-memory/7.1.0/lucene-memory-7.1.0.jar:/home/shubham/.m2/repository/org/apache/lucene/lucene-misc/7.1.0/lucene-misc-7.1.0.jar:/home/shubham/.m2/repository/org/apache/lucene/lucene-sandbox/7.1.0/lucene-sandbox-7.1.0.jar:/home/shubham/.m2/repository/org/apache/lucene/lucene-spatial/7.1.0/lucene-spatial-7.1.0.jar:/home/shubham/.m2/repository/org/apache/lucene/lucene-spatial-extras/7.1.0/lucene-spatial-extras-7.1.0.jar:/home/shubham/.m2/repository/org/apache/lucene/lucene-spatial3d/7.1.0/lucene-spatial3d-7.1.0.jar:/home/shubham/.m2/repository/org/apache/lucene/lucene-suggest/7.1.0/lucene-suggest-7.1.0.jar:/home/shubham/.m2/repository/org/elasticsearch/securesm/1.2/securesm-1.2.jar:/home/shubham/.m2/repository/org/elasticsearch/elasticsearch-cli/6.1.2/elasticsearch-cli-6.1.2.jar:/home/shubham/.m2/repository/net/sf/jopt-simple/jopt-simple/5.0.2/jopt-simple-5.0.2.jar:/home/shubham/.m2/repository/com/carrotsearch/hppc/0.7.1/hppc-0.7.1.jar:/home/shubham/.m2/repository/com/fasterxml/jackson/core/jackson-core/2.9.7/jackson-core-2.9.7.jar:/home/shubham/.m2/repository/com/fasterxml/jackson/dataformat/jackson-dataformat-smile/2.9.7/jackson-dataformat-smile-2.9.7.jar:/home/shubham/.m2/repository/com/fasterxml/jackson/dataformat/jackson-dataformat-yaml/2.9.7/jackson-dataformat-yaml-2.9.7.jar:/home/shubham/.m2/repository/com/fasterxml/jackson/dataformat/jackson-dataformat-cbor/2.9.7/jackson-dataformat-cbor-2.9.7.jar:/home/shubham/.m2/repository/com/tdunning/t-digest/3.0/t-digest-3.0.jar:/home/shubham/.m2/repository/org/hdrhistogram/HdrHistogram/2.1.9/HdrHistogram-2.1.9.jar:/home/shubham/.m2/repository/org/elasticsearch/jna/4.4.0-1/jna-4.4.0-1.jar:/home/shubham/.m2/repository/org/elasticsearch/client/elasticsearch-rest-high-level-client/6.1.2/elasticsearch-rest-high-level-client-6.1.2.jar:/home/shubham/.m2/repository/org/elasticsearch/plugin/aggs-matrix-stats-client/6.1.2/aggs-matrix-stats-client-6.1.2.jar:/home/shubham/.m2/repository/org/apache/logging/log4j/log4j-api/2.8.2/log4j-api-2.8.2.jar:/home/shubham/.m2/repository/org/apache/logging/log4j/log4j-core/2.8.2/log4j-core-2.8.2.jar:/home/shubham/.m2/repository/org/elasticsearch/client/elasticsearch-rest-client/6.1.2/elasticsearch-rest-client-6.1.2.jar:/home/shubham/.m2/repository/org/apache/httpcomponents/httpclient/4.5.6/httpclient-4.5.6.jar:/home/shubham/.m2/repository/org/apache/httpcomponents/httpcore/4.4.10/httpcore-4.4.10.jar:/home/shubham/.m2/repository/org/apache/httpcomponents/httpasyncclient/4.1.4/httpasyncclient-4.1.4.jar:/home/shubham/.m2/repository/org/apache/httpcomponents/httpcore-nio/4.4.10/httpcore-nio-4.4.10.jar:/home/shubham/.m2/repository/commons-codec/commons-codec/1.11/commons-codec-1.11.jar:/home/shubham/.m2/repository/commons-logging/commons-logging/1.1.3/commons-logging-1.1.3.jar:/home/shubham/.m2/repository/org/elasticsearch/client/elasticsearch-rest-client-sniffer/6.1.2/elasticsearch-rest-client-sniffer-6.1.2.jar:/home/shubham/.m2/repository/org/springframework/kafka/spring-kafka/2.1.10.RELEASE/spring-kafka-2.1.10.RELEASE.jar:/home/shubham/.m2/repository/org/springframework/spring-context/5.0.10.RELEASE/spring-context-5.0.10.RELEASE.jar:/home/shubham/.m2/repository/org/springframework/spring-messaging/5.0.10.RELEASE/spring-messaging-5.0.10.RELEASE.jar:/home/shubham/.m2/repository/org/springframework/spring-tx/5.0.10.RELEASE/spring-tx-5.0.10.RELEASE.jar:/home/shubham/.m2/repository/org/springframework/retry/spring-retry/1.2.2.RELEASE/spring-retry-1.2.2.RELEASE.jar:/home/shubham/.m2/repository/org/apache/kafka/kafka-clients/1.0.2/kafka-clients-1.0.2.jar:/home/shubham/.m2/repository/org/lz4/lz4-java/1.4/lz4-java-1.4.jar:/home/shubham/.m2/repository/org/xerial/snappy/snappy-java/1.1.4/snappy-java-1.1.4.jar:/home/shubham/.m2/repository/com/fasterxml/jackson/core/jackson-databind/2.9.7/jackson-databind-2.9.7.jar:/home/shubham/.m2/repository/com/fasterxml/jackson/core/jackson-annotations/2.9.0/jackson-annotations-2.9.0.jar:/home/shubham/.m2/repository/org/projectlombok/lombok/1.18.2/lombok-1.18.2.jar:/home/shubham/.m2/repository/junit/junit/4.12/junit-4.12.jar:/home/shubham/.m2/repository/org/jacoco/jacoco-maven-plugin/0.8.2/jacoco-maven-plugin-0.8.2.jar:/home/shubham/.m2/repository/org/apache/maven/maven-plugin-api/2.2.1/maven-plugin-api-2.2.1.jar:/home/shubham/.m2/repository/org/apache/maven/maven-project/2.2.1/maven-project-2.2.1.jar:/home/shubham/.m2/repository/org/apache/maven/maven-settings/2.2.1/maven-settings-2.2.1.jar:/home/shubham/.m2/repository/org/apache/maven/maven-profile/2.2.1/maven-profile-2.2.1.jar:/home/shubham/.m2/repository/org/apache/maven/maven-model/2.2.1/maven-model-2.2.1.jar:/home/shubham/.m2/repository/org/apache/maven/maven-artifact-manager/2.2.1/maven-artifact-manager-2.2.1.jar:/home/shubham/.m2/repository/org/apache/maven/maven-repository-metadata/2.2.1/maven-repository-metadata-2.2.1.jar:/home/shubham/.m2/repository/org/apache/maven/wagon/wagon-provider-api/1.0-beta-6/wagon-provider-api-1.0-beta-6.jar:/home/shubham/.m2/repository/backport-util-concurrent/backport-util-concurrent/3.1/backport-util-concurrent-3.1.jar:/home/shubham/.m2/repository/org/apache/maven/maven-plugin-registry/2.2.1/maven-plugin-registry-2.2.1.jar:/home/shubham/.m2/repository/org/codehaus/plexus/plexus-interpolation/1.11/plexus-interpolation-1.11.jar:/home/shubham/.m2/repository/org/apache/maven/maven-artifact/2.2.1/maven-artifact-2.2.1.jar:/home/shubham/.m2/repository/org/codehaus/plexus/plexus-container-default/1.0-alpha-9-stable-1/plexus-container-default-1.0-alpha-9-stable-1.jar:/home/shubham/.m2/repository/classworlds/classworlds/1.1-alpha-2/classworlds-1.1-alpha-2.jar:/home/shubham/.m2/repository/org/codehaus/plexus/plexus-utils/3.0.22/plexus-utils-3.0.22.jar:/home/shubham/.m2/repository/org/apache/maven/shared/file-management/1.2.1/file-management-1.2.1.jar:/home/shubham/.m2/repository/org/apache/maven/shared/maven-shared-io/1.1/maven-shared-io-1.1.jar:/home/shubham/.m2/repository/org/apache/maven/reporting/maven-reporting-api/2.2.1/maven-reporting-api-2.2.1.jar:/home/shubham/.m2/repository/org/apache/maven/doxia/doxia-sink-api/1.1/doxia-sink-api-1.1.jar:/home/shubham/.m2/repository/org/apache/maven/doxia/doxia-logging-api/1.1/doxia-logging-api-1.1.jar:/home/shubham/.m2/repository/org/apache/maven/reporting/maven-reporting-impl/2.1/maven-reporting-impl-2.1.jar:/home/shubham/.m2/repository/org/apache/maven/doxia/doxia-core/1.1.2/doxia-core-1.1.2.jar:/home/shubham/.m2/repository/commons-lang/commons-lang/2.4/commons-lang-2.4.jar:/home/shubham/.m2/repository/commons-httpclient/commons-httpclient/3.1/commons-httpclient-3.1.jar:/home/shubham/.m2/repository/org/apache/maven/doxia/doxia-site-renderer/1.1.2/doxia-site-renderer-1.1.2.jar:/home/shubham/.m2/repository/org/apache/maven/doxia/doxia-decoration-model/1.1.2/doxia-decoration-model-1.1.2.jar:/home/shubham/.m2/repository/org/apache/maven/doxia/doxia-module-xhtml/1.1.2/doxia-module-xhtml-1.1.2.jar:/home/shubham/.m2/repository/org/apache/maven/doxia/doxia-module-fml/1.1.2/doxia-module-fml-1.1.2.jar:/home/shubham/.m2/repository/org/codehaus/plexus/plexus-i18n/1.0-beta-7/plexus-i18n-1.0-beta-7.jar:/home/shubham/.m2/repository/org/codehaus/plexus/plexus-velocity/1.1.7/plexus-velocity-1.1.7.jar:/home/shubham/.m2/repository/org/apache/velocity/velocity/1.5/velocity-1.5.jar:/home/shubham/.m2/repository/commons-collections/commons-collections/3.2/commons-collections-3.2.jar:/home/shubham/.m2/repository/commons-validator/commons-validator/1.2.0/commons-validator-1.2.0.jar:/home/shubham/.m2/repository/commons-beanutils/commons-beanutils/1.7.0/commons-beanutils-1.7.0.jar:/home/shubham/.m2/repository/commons-digester/commons-digester/1.6/commons-digester-1.6.jar:/home/shubham/.m2/repository/oro/oro/2.0.8/oro-2.0.8.jar:/home/shubham/.m2/repository/org/jacoco/org.jacoco.agent/0.8.2/org.jacoco.agent-0.8.2-runtime.jar:/home/shubham/.m2/repository/org/jacoco/org.jacoco.core/0.8.2/org.jacoco.core-0.8.2.jar:/home/shubham/.m2/repository/org/ow2/asm/asm/6.2.1/asm-6.2.1.jar:/home/shubham/.m2/repository/org/ow2/asm/asm-commons/6.2.1/asm-commons-6.2.1.jar:/home/shubham/.m2/repository/org/ow2/asm/asm-analysis/6.2.1/asm-analysis-6.2.1.jar:/home/shubham/.m2/repository/org/ow2/asm/asm-tree/6.2.1/asm-tree-6.2.1.jar:/home/shubham/.m2/repository/org/jacoco/org.jacoco.report/0.8.2/org.jacoco.report-0.8.2.jar:"/>
    <property name="sun.cpu.endian" value="little"/>
    <property name="user.home" value="/home/shubham"/>
    <property name="user.language" value="en"/>
    <property name="java.specification.vendor" value="Oracle Corporation"/>
    <property name="java.version.date" value="2018-07-17"/>
    <property name="java.home" value="/usr/lib/jvm/java-10-oracle"/>
    <property name="file.separator" value="/"/>
    <property name="basedir" value="/home/shubham/knowledge-vault/knowledge-vault/document-identifier-elasticsearch"/>
    <property name="java.vm.compressedOopsMode" value="32-bit"/>
    <property name="line.separator" value="&#10;"/>
    <property name="java.specification.name" value="Java Platform API Specification"/>
    <property name="java.vm.specification.vendor" value="Oracle Corporation"/>
    <property name="java.awt.graphicsenv" value="sun.awt.X11GraphicsEnvironment"/>
    <property name="surefire.real.class.path" value="/home/shubham/knowledge-vault/knowledge-vault/document-identifier-elasticsearch/target/surefire/surefirebooter12215084960661656132.jar"/>
    <property name="sun.management.compiler" value="HotSpot 64-Bit Tiered Compilers"/>
    <property name="java.runtime.version" value="10.0.2+13"/>
    <property name="user.name" value="shubham"/>
    <property name="path.separator" value=":"/>
    <property name="os.version" value="4.15.0-36-generic"/>
    <property name="java.runtime.name" value="OpenJDK Runtime Environment"/>
    <property name="file.encoding" value="UTF-8"/>
    <property name="java.vm.name" value="OpenJDK 64-Bit Server VM"/>
    <property name="java.vendor.version" value="18.3"/>
    <property name="localRepository" value="/home/shubham/.m2/repository"/>
    <property name="java.vendor.url.bug" value="http://bugreport.java.com/bugreport/"/>
    <property name="java.io.tmpdir" value="/tmp"/>
    <property name="java.version" value="10.0.2"/>
    <property name="user.dir" value="/home/shubham/knowledge-vault/knowledge-vault/document-identifier-elasticsearch"/>
    <property name="os.arch" value="amd64"/>
    <property name="java.vm.specification.name" value="Java Virtual Machine Specification"/>
    <property name="java.awt.printerjob" value="sun.print.PSPrinterJob"/>
    <property name="sun.os.patch.level" value="unknown"/>
    <property name="java.library.path" value="/usr/java/packages/lib:/usr/lib64:/lib64:/lib:/usr/lib"/>
    <property name="java.vendor" value="Oracle Corporation"/>
    <property name="java.vm.info" value="mixed mode"/>
    <property name="java.vm.version" value="10.0.2+13"/>
    <property name="sun.io.unicode.encoding" value="UnicodeLittle"/>
    <property name="java.class.version" value="54.0"/>
  </properties>
  <testcase name="contextLoads" classname="com.stackroute.DocIdentifierApplicationTests" time="0.2"/>
</testsuite>